<?xml version="1.0" encoding="utf-8"?><testsuites name="pytest tests"><testsuite name="pytest" errors="0" failures="0" skipped="0" tests="3" time="4.846" timestamp="2026-08-07T00:18:41.409159+00:00" hostname="agent-env-9757ce3a-bb28-4fb9-b514-c91b0d7820a3"><testcase classname="tests.test_medicpal_api" name="test_health_healthy_and_gemini_configured" time="0.162" /><testcase classname="tests.test_medicpal_api" name="test_analyze_medicine_returns_nullable_schema_and_no_key_leak" time="2.775" /><testcase classname="tests.test_medicpal_api" name="test_analyze_medicine_evidence_items_include_field_snippet_confidence_and_normalized_box" time="1.591" /></testsuite></testsuites>