<?xml version="1.0" encoding="utf-8"?><testsuites name="pytest tests"><testsuite name="pytest" errors="0" failures="0" skipped="0" tests="2" time="4.598" timestamp="2026-08-06T21:39:07.852758+00:00" hostname="agent-env-9757ce3a-bb28-4fb9-b514-c91b0d7820a3"><testcase classname="tests.test_medicpal_api" name="test_health_healthy_and_gemini_configured" time="0.974" /><testcase classname="tests.test_medicpal_api" name="test_analyze_medicine_returns_nullable_schema_and_no_key_leak" time="3.316" /></testsuite></testsuites>